<?xml version="1.0" encoding="UTF-8"?>
<testng-results skipped="0" failed="0" ignored="0" total="1" passed="1">
  <reporter-output>
  </reporter-output>
  <suite name="Default suite" duration-ms="7303" started-at="2020-02-15T18:12:26 CST" finished-at="2020-02-15T18:12:34 CST">
    <groups>
    </groups>
    <test name="Default test" duration-ms="7303" started-at="2020-02-15T18:12:26 CST" finished-at="2020-02-15T18:12:34 CST">
      <class name="test.LoginTest">
        <test-method status="PASS" signature="validUserShouldBeAbletoLogin()[pri:0, instance:test.LoginTest@887af79]" name="validUserShouldBeAbletoLogin" duration-ms="7255" started-at="2020-02-15T18:12:26 CST" finished-at="2020-02-15T18:12:34 CST">
          <reporter-output>
          </reporter-output>
        </test-method> <!-- validUserShouldBeAbletoLogin -->
      </class> <!-- test.LoginTest -->
    </test> <!-- Default test -->
  </suite> <!-- Default suite -->
</testng-results>
